LOG: BEST FEATURES IN THE CLASSIFIER

Top 10 Features for identifying a scam email: 
from
3.1417859529413805
your
3.022973474059915
my
2.68592727707196
from fri
1.8370812292835383
bank
1.8210655367007338
am
1.6834697088953086
you
1.6810207548018299
of
1.672921638585439
from wed
1.6674891929911129
me
1.6640675070669677

Top 10 Features for identifying a non-scam email: 
from by
-1.3568243237149022
from by with
-1.2895838442710084
by with
-1.2728613701420075
it
-1.1041357803062593
with for
-1.0573908393426292
by
-1.047351813950531
by with for
-1.0470182102106211
pm
-1.0000175281484553
on
-0.9526158007895904
they
-0.831667455433869
