LOG: BEST FEATURES IN THE CLASSIFIER

Top 10 Features for identifying a scam email: 
from
3.23442954196493
your
3.155197054083661
my
2.7392854221770353
bank
1.9049345752545799
from wed
1.784591060364266
me
1.7802530337566518
you
1.7370162873093198
am
1.71963672583072
from fri
1.6984236996810707
money
1.696247649655123

Top 10 Features for identifying a non-scam email: 
from by
-1.39790187976068
from by with
-1.3289029332423068
by with
-1.313371722188134
it
-1.1516015850928576
by
-1.0965861946294966
with for
-1.08280637468519
by with for
-1.0782192139674271
pm
-0.9334330351756167
on
-0.8726591960252592
they
-0.8142275739788125
