LOG: BEST FEATURES IN THE CLASSIFIER

Top 10 Features for identifying a scam email: 
from
2.7126114762971443
my
2.4810692025718213
your
2.089962185909071
bank
2.0571546424600027
money
1.8978243722559753
funds
1.8493883534200353
from fri
1.7357092975204722
of
1.6904059305225394
am
1.661961022481411
fri
1.6136774504836722

Top 10 Features for identifying a non-scam email: 
by with
-1.6510173087589468
by
-1.349670534874119
from by
-1.1437457513738152
it
-1.128842040699805
from by with
-1.1070231863385123
chat
-0.9690051265498315
by with for
-0.880513526165469
with for
-0.875284310551443
at
-0.8499155657725698
they
-0.8496944530409153
